<?xml version="1.0" encoding="UTF-8"?>
<!-- Generated by org.testng.reporters.JUnitReportReporter -->
<testsuite hostname="TYSS-Praveen" failures="0" tests="8" name="testng_basics.ThreadPoolSize" time="48.682" errors="1" timestamp="2023-06-01T11:05:07 IST" skipped="0">
  <testcase classname="testng_basics.ThreadPoolSize" name="openCloseDWS" time="4.336"/>
  <system-out/>
  <testcase classname="testng_basics.ThreadPoolSize" name="openCloseDWS" time="2.219">
    <error message="session not created
from no such execution context: uniqueContextId not found
  (Session info: chrome=113.0.5672.127)
Build info: version: &#039;3.7.1&#039;, revision: &#039;8a0099a&#039;, time: &#039;2017-11-06T21:07:36.161Z&#039;
System info: host: &#039;TYSS-PRAVEEN&#039;, ip: &#039;10.10.60.160&#039;, os.name: &#039;Windows 10&#039;, os.arch: &#039;amd64&#039;, os.version: &#039;10.0&#039;, java.version: &#039;17.0.6&#039;
Driver info: driver.version: ChromeDriver
remote stacktrace: Backtrace:
	GetHandleVerifier [0x00738893+48451]
	(No symbol) [0x006CB8A1]
	(No symbol) [0x005D5058]
	(No symbol) [0x005C87D0]
	(No symbol) [0x005C6F58]
	(No symbol) [0x005C75CA]
	(No symbol) [0x005D8067]
	(No symbol) [0x005D9631]
	(No symbol) [0x005D96D0]
	(No symbol) [0x00621A58]
	(No symbol) [0x0062047C]
	(No symbol) [0x0061A0B6]
	(No symbol) [0x005F7E08]
	(No symbol) [0x005F8F2D]
	GetHandleVerifier [0x00998E3A+2540266]
	GetHandleVerifier [0x009D8959+2801161]
	GetHandleVerifier [0x009D295C+2776588]
	GetHandleVerifier [0x007C2280+612144]
	(No symbol) [0x006D4F6C]
	(No symbol) [0x006D11D8]
	(No symbol) [0x006D12BB]
	(No symbol) [0x006C4857]
	BaseThreadInitThunk [0x75FF0099+25]
	RtlGetAppContainerNamedObjectPath [0x77CD7B6E+286]
	RtlGetAppContainerNamedObjectPath [0x77CD7B3E+238]
" type="org.openqa.selenium.SessionNotCreatedException">
      <![CDATA[org.openqa.selenium.SessionNotCreatedException: session not created
from no such execution context: uniqueContextId not found
  (Session info: chrome=113.0.5672.127)
Build info: version: '3.7.1', revision: '8a0099a', time: '2017-11-06T21:07:36.161Z'
System info: host: 'TYSS-PRAVEEN', ip: '10.10.60.160', os.name: 'Windows 10', os.arch: 'amd64', os.version: '10.0', java.version: '17.0.6'
Driver info: driver.version: ChromeDriver
remote stacktrace: Backtrace:
GetHandleVerifier [0x00738893+48451]
(No symbol) [0x006CB8A1]
(No symbol) [0x005D5058]
(No symbol) [0x005C87D0]
(No symbol) [0x005C6F58]
(No symbol) [0x005C75CA]
(No symbol) [0x005D8067]
(No symbol) [0x005D9631]
(No symbol) [0x005D96D0]
(No symbol) [0x00621A58]
(No symbol) [0x0062047C]
(No symbol) [0x0061A0B6]
(No symbol) [0x005F7E08]
(No symbol) [0x005F8F2D]
GetHandleVerifier [0x00998E3A+2540266]
GetHandleVerifier [0x009D8959+2801161]
GetHandleVerifier [0x009D295C+2776588]
GetHandleVerifier [0x007C2280+612144]
(No symbol) [0x006D4F6C]
(No symbol) [0x006D11D8]
(No symbol) [0x006D12BB]
(No symbol) [0x006C4857]
BaseThreadInitThunk [0x75FF0099+25]
RtlGetAppContainerNamedObjectPath [0x77CD7B6E+286]
RtlGetAppContainerNamedObjectPath [0x77CD7B3E+238]

at java.base/jdk.internal.reflect.NativeConstructorAccessorImpl.newInstance0(Native Method)
at java.base/jdk.internal.reflect.NativeConstructorAccessorImpl.newInstance(NativeConstructorAccessorImpl.java:77)
at java.base/jdk.internal.reflect.DelegatingConstructorAccessorImpl.newInstance(DelegatingConstructorAccessorImpl.java:45)
at java.base/java.lang.reflect.Constructor.newInstanceWithCaller(Constructor.java:499)
at java.base/java.lang.reflect.Constructor.newInstance(Constructor.java:480)
at org.openqa.selenium.remote.W3CHandshakeResponse.lambda$new$0(W3CHandshakeResponse.java:57)
at org.openqa.selenium.remote.W3CHandshakeResponse.lambda$getResponseFunction$2(W3CHandshakeResponse.java:104)
at org.openqa.selenium.remote.ProtocolHandshake.lambda$createSession$0(ProtocolHandshake.java:123)
at java.base/java.util.stream.ReferencePipeline$3$1.accept(ReferencePipeline.java:197)
at java.base/java.util.Spliterators$ArraySpliterator.tryAdvance(Spliterators.java:1002)
at java.base/java.util.stream.ReferencePipeline.forEachWithCancel(ReferencePipeline.java:129)
at java.base/java.util.stream.AbstractPipeline.copyIntoWithCancel(AbstractPipeline.java:527)
at java.base/java.util.stream.AbstractPipeline.copyInto(AbstractPipeline.java:513)
at java.base/java.util.stream.AbstractPipeline.wrapAndCopyInto(AbstractPipeline.java:499)
at java.base/java.util.stream.FindOps$FindOp.evaluateSequential(FindOps.java:150)
at java.base/java.util.stream.AbstractPipeline.evaluate(AbstractPipeline.java:234)
at java.base/java.util.stream.ReferencePipeline.findFirst(ReferencePipeline.java:647)
at org.openqa.selenium.remote.ProtocolHandshake.createSession(ProtocolHandshake.java:126)
at org.openqa.selenium.remote.ProtocolHandshake.createSession(ProtocolHandshake.java:73)
at org.openqa.selenium.remote.HttpCommandExecutor.execute(HttpCommandExecutor.java:142)
at org.openqa.selenium.remote.service.DriverCommandExecutor.execute(DriverCommandExecutor.java:83)
at org.openqa.selenium.remote.RemoteWebDriver.execute(RemoteWebDriver.java:600)
at org.openqa.selenium.remote.RemoteWebDriver.startSession(RemoteWebDriver.java:219)
at org.openqa.selenium.remote.RemoteWebDriver.<init>(RemoteWebDriver.java:142)
at org.openqa.selenium.chrome.ChromeDriver.<init>(ChromeDriver.java:181)
at org.openqa.selenium.chrome.ChromeDriver.<init>(ChromeDriver.java:168)
at org.openqa.selenium.chrome.ChromeDriver.<init>(ChromeDriver.java:123)
at testng_basics.ThreadPoolSize.openCloseDWS(ThreadPoolSize.java:12)
at java.base/jdk.internal.reflect.NativeMethodAccessorImpl.invoke0(Native Method)
at java.base/jdk.internal.reflect.NativeMethodAccessorImpl.invoke(NativeMethodAccessorImpl.java:77)
at java.base/jdk.internal.reflect.DelegatingMethodAccessorImpl.invoke(DelegatingMethodAccessorImpl.java:43)
at java.base/java.lang.reflect.Method.invoke(Method.java:568)
at org.testng.internal.MethodInvocationHelper.invokeMethod(MethodInvocationHelper.java:133)
at org.testng.internal.TestInvoker.invokeMethod(TestInvoker.java:598)
at org.testng.internal.TestInvoker.invokeTestMethod(TestInvoker.java:173)
at org.testng.internal.MethodRunner.runInSequence(MethodRunner.java:46)
at org.testng.internal.TestInvoker$MethodInvocationAgent.invoke(TestInvoker.java:824)
at org.testng.internal.TestInvoker.invokeTestMethods(TestInvoker.java:146)
at org.testng.internal.TestMethodWorker.invokeTestMethods(TestMethodWorker.java:146)
at org.testng.internal.TestMethodWorker.run(TestMethodWorker.java:128)
at org.testng.internal.thread.ThreadUtil.lambda$execute$0(ThreadUtil.java:64)
at java.base/java.util.concurrent.FutureTask.run(FutureTask.java:264)
at java.base/java.util.concurrent.ThreadPoolExecutor.runWorker(ThreadPoolExecutor.java:1136)
at java.base/java.util.concurrent.ThreadPoolExecutor$Worker.run(ThreadPoolExecutor.java:635)
at java.base/java.lang.Thread.run(Thread.java:833)
]]>
    </error>
  </testcase> <!-- openCloseDWS -->
  <system-out/>
  <testcase classname="testng_basics.ThreadPoolSize" name="openCloseDWS" time="8.050"/>
  <system-out/>
  <testcase classname="testng_basics.ThreadPoolSize" name="openCloseDWS" time="5.848"/>
  <system-out/>
  <testcase classname="testng_basics.ThreadPoolSize" name="openCloseDWS" time="7.913"/>
  <system-out/>
  <testcase classname="testng_basics.ThreadPoolSize" name="openCloseDWS" time="4.575"/>
  <system-out/>
  <testcase classname="testng_basics.ThreadPoolSize" name="openCloseDWS" time="7.652"/>
  <system-out/>
  <testcase classname="testng_basics.ThreadPoolSize" name="openCloseDWS" time="8.089"/>
  <system-out/>
</testsuite> <!-- testng_basics.ThreadPoolSize -->
